{"total": {"lines":{"total":244,"covered":223,"skipped":0,"pct":91.39},"statements":{"total":272,"covered":238,"skipped":0,"pct":87.5},"functions":{"total":39,"covered":31,"skipped":0,"pct":79.49},"branches":{"total":153,"covered":120,"skipped":0,"pct":78.43}}
,"D:\\Codes\\Github-Reactale\\reacto-core\\src\\index.ts": {"lines":{"total":9,"covered":8,"skipped":0,"pct":88.89},"functions":{"total":3,"covered":2,"skipped":0,"pct":66.67},"statements":{"total":9,"covered":8,"skipped":0,"pct":88.89},"branches":{"total":0,"covered":0,"skipped":0,"pct":100}}
,"D:\\Codes\\Github-Reactale\\reacto-core\\src\\info.ts": {"lines":{"total":2,"covered":2,"skipped":0,"pct":100},"functions":{"total":0,"covered":0,"skipped":0,"pct":100},"statements":{"total":2,"covered":2,"skipped":0,"pct":100},"branches":{"total":0,"covered":0,"skipped":0,"pct":100}}
,"D:\\Codes\\Github-Reactale\\reacto-core\\src\\modules\\processor.ts": {"lines":{"total":11,"covered":10,"skipped":0,"pct":90.91},"functions":{"total":2,"covered":2,"skipped":0,"pct":100},"statements":{"total":12,"covered":10,"skipped":0,"pct":83.33},"branches":{"total":4,"covered":3,"skipped":0,"pct":75}}
,"D:\\Codes\\Github-Reactale\\reacto-core\\src\\modules\\interpreters\\blocks.ts": {"lines":{"total":16,"covered":16,"skipped":0,"pct":100},"functions":{"total":3,"covered":3,"skipped":0,"pct":100},"statements":{"total":16,"covered":16,"skipped":0,"pct":100},"branches":{"total":4,"covered":4,"skipped":0,"pct":100}}
,"D:\\Codes\\Github-Reactale\\reacto-core\\src\\modules\\interpreters\\calc.ts": {"lines":{"total":39,"covered":39,"skipped":0,"pct":100},"functions":{"total":2,"covered":2,"skipped":0,"pct":100},"statements":{"total":41,"covered":41,"skipped":0,"pct":100},"branches":{"total":34,"covered":25,"skipped":0,"pct":73.53}}
,"D:\\Codes\\Github-Reactale\\reacto-core\\src\\modules\\interpreters\\cfg.ts": {"lines":{"total":8,"covered":8,"skipped":0,"pct":100},"functions":{"total":1,"covered":1,"skipped":0,"pct":100},"statements":{"total":8,"covered":8,"skipped":0,"pct":100},"branches":{"total":6,"covered":5,"skipped":0,"pct":83.33}}
,"D:\\Codes\\Github-Reactale\\reacto-core\\src\\modules\\interpreters\\dt.ts": {"lines":{"total":15,"covered":14,"skipped":0,"pct":93.33},"functions":{"total":1,"covered":1,"skipped":0,"pct":100},"statements":{"total":15,"covered":14,"skipped":0,"pct":93.33},"branches":{"total":10,"covered":9,"skipped":0,"pct":90}}
,"D:\\Codes\\Github-Reactale\\reacto-core\\src\\modules\\interpreters\\fn.ts": {"lines":{"total":15,"covered":5,"skipped":0,"pct":33.33},"functions":{"total":5,"covered":0,"skipped":0,"pct":0},"statements":{"total":19,"covered":5,"skipped":0,"pct":26.32},"branches":{"total":6,"covered":0,"skipped":0,"pct":0}}
,"D:\\Codes\\Github-Reactale\\reacto-core\\src\\modules\\interpreters\\if.ts": {"lines":{"total":38,"covered":37,"skipped":0,"pct":97.37},"functions":{"total":2,"covered":2,"skipped":0,"pct":100},"statements":{"total":38,"covered":37,"skipped":0,"pct":97.37},"branches":{"total":28,"covered":25,"skipped":0,"pct":89.29}}
,"D:\\Codes\\Github-Reactale\\reacto-core\\src\\modules\\interpreters\\interpret.ts": {"lines":{"total":42,"covered":38,"skipped":0,"pct":90.48},"functions":{"total":2,"covered":2,"skipped":0,"pct":100},"statements":{"total":49,"covered":39,"skipped":0,"pct":79.59},"branches":{"total":43,"covered":34,"skipped":0,"pct":79.07}}
,"D:\\Codes\\Github-Reactale\\reacto-core\\src\\modules\\interpreters\\var.ts": {"lines":{"total":22,"covered":22,"skipped":0,"pct":100},"functions":{"total":7,"covered":6,"skipped":0,"pct":85.71},"statements":{"total":28,"covered":27,"skipped":0,"pct":96.43},"branches":{"total":10,"covered":8,"skipped":0,"pct":80}}
,"D:\\Codes\\Github-Reactale\\reacto-core\\src\\modules\\services\\locale.ts": {"lines":{"total":11,"covered":8,"skipped":0,"pct":72.73},"functions":{"total":4,"covered":3,"skipped":0,"pct":75},"statements":{"total":14,"covered":10,"skipped":0,"pct":71.43},"branches":{"total":2,"covered":1,"skipped":0,"pct":50}}
,"D:\\Codes\\Github-Reactale\\reacto-core\\src\\modules\\services\\system.ts": {"lines":{"total":6,"covered":6,"skipped":0,"pct":100},"functions":{"total":4,"covered":4,"skipped":0,"pct":100},"statements":{"total":10,"covered":10,"skipped":0,"pct":100},"branches":{"total":0,"covered":0,"skipped":0,"pct":100}}
,"D:\\Codes\\Github-Reactale\\reacto-core\\src\\modules\\services\\util.ts": {"lines":{"total":10,"covered":10,"skipped":0,"pct":100},"functions":{"total":3,"covered":3,"skipped":0,"pct":100},"statements":{"total":11,"covered":11,"skipped":0,"pct":100},"branches":{"total":6,"covered":6,"skipped":0,"pct":100}}
}
